Using pre-set license
Built from '2020.2/release' branch; Version is '2020.2.4f1 (becced5a802b) revision 12504301'; Using compiler version '192528614'; Build Type 'Release'
OS: 'Windows 10 Home; OS build 22631.3447; Version 2009; 64bit' Language: 'es' Physical Memory: 7979 MB
BatchMode: 1, IsHumanControllingUs: 0, StartBugReporterOnCrash: 0, Is64bit: 1, IsPro: 0

 COMMAND LINE ARGUMENTS:
C:\Program Files\Unity\Hub\Editor\2020.2.4f1\Editor\Unity.exe
-adb2
-batchMode
-noUpm
-name
AssetImportWorker0
-projectPath
C:/Users/34609/Desktop/Roll a Ball
-logFile
Logs/AssetImportWorker0.log
-srvPort
53064
Successfully changed project path to: C:/Users/34609/Desktop/Roll a Ball
C:/Users/34609/Desktop/Roll a Ball
Using Asset Import Pipeline V2.
Refreshing native plugins compatible for Editor in 47.40 ms, found 0 plugins.
Preloading 0 native plugins for Editor in 0.00 ms.
Initialize engine version: 2020.2.4f1 (becced5a802b)
[Subsystems] Discovering subsystems at path C:/Program Files/Unity/Hub/Editor/2020.2.4f1/Editor/Data/Resources/UnitySubsystems
[Subsystems] Discovering subsystems at path C:/Users/34609/Desktop/Roll a Ball/Assets
GfxDevice: creating device client; threaded=0
Direct3D:
    Version:  Direct3D 11.0 [level 11.1]
    Renderer: Intel(R) UHD Graphics (ID=0x9b41)
    Vendor:   
    VRAM:     3989 MB
    Driver:   27.20.100.8984
Shader 'Universal Render Pipeline/Particles/Lit': fallback shader 'Universal Render Pipeline/Particles/SimpleLit' not found
Initialize mono
Mono path[0] = 'C:/Program Files/Unity/Hub/Editor/2020.2.4f1/Editor/Data/Managed'
Mono path[1] = 'C:/Program Files/Unity/Hub/Editor/2020.2.4f1/Editor/Data/MonoBleedingEdge/lib/mono/unityjit'
Mono config path = 'C:/Program Files/Unity/Hub/Editor/2020.2.4f1/Editor/Data/MonoBleedingEdge/etc'
Using monoOptions --debugger-agent=transport=dt_socket,embedding=1,server=y,suspend=n,address=127.0.0.1:56068
Begin MonoManager ReloadAssembly
Registering precompiled unity dll's ...
Register platform support module: C:/Program Files/Unity/Hub/Editor/2020.2.4f1/Editor/Data/PlaybackEngines/WindowsStandaloneSupport/UnityEditor.WindowsStandalone.Extensions.dll
Registered in 0.001956 seconds.
Native extension for WindowsStandalone target not found
Refreshing native plugins compatible for Editor in 49.68 ms, found 0 plugins.
Preloading 0 native plugins for Editor in 0.00 ms.
Invoked RoslynAnalysisRunner static constructor.
RoslynAnalysisRunner will not be running.
RoslynAnalysisRunner has terminated.
Mono: successfully reloaded assembly
- Completed reload, in  1.641 seconds
Platform modules already initialized, skipping
Registering precompiled user dll's ...
Registered in 0.001428 seconds.
Begin MonoManager ReloadAssembly
Native extension for WindowsStandalone target not found
Refreshing native plugins compatible for Editor in 53.22 ms, found 0 plugins.
Preloading 0 native plugins for Editor in 0.00 ms.
Invoked RoslynAnalysisRunner static constructor.
RoslynAnalysisRunner will not be running.
RoslynAnalysisRunner has terminated.
Mono: successfully reloaded assembly
- Completed reload, in  1.050 seconds
Platform modules already initialized, skipping
========================================================================
Worker process is ready to serve import requests
Shader 'Universal Render Pipeline/Particles/Lit': fallback shader 'Universal Render Pipeline/Particles/SimpleLit' not found
Launched and connected shader compiler UnityShaderCompiler.exe after 0.06 seconds
Refreshing native plugins compatible for Editor in 0.90 ms, found 0 plugins.
Preloading 0 native plugins for Editor in 0.00 ms.
Unloading 2704 Unused Serialized files (Serialized files now loaded: 0)
System memory in use before: 123.3 MB.
System memory in use after: 123.5 MB.

Unloading 12 unused Assets to reduce memory usage. Loaded Objects now: 3148.
Total: 5.403800 ms (FindLiveObjects: 0.620100 ms CreateObjectMapping: 0.372900 ms MarkObjects: 4.302200 ms  DeleteObjects: 0.106000 ms)

========================================================================
Received Import Request.
  path: Assets/Input/InputActions.inputactions
  artifactKey: Guid(cd26fa4e2f5999b4ab6ef6fc5deda36b) Importer(815301076,1909f56bfc062723c751e8b465ee728b)
Start importing Assets/Input/InputActions.inputactions using Guid(cd26fa4e2f5999b4ab6ef6fc5deda36b) Importer(815301076,1909f56bfc062723c751e8b465ee728b)  -> (artifact id: '6fb220c5a420fbf3b5e48ba1352a9dac') in 0.069948 seconds
  Import took 0.077880 seconds .

========================================================================
Received Import Request.
  Time since last request: 0.000580 seconds.
  path: Assets/Input
  artifactKey: Guid(7bb2b90666f4e004c8aeb66fd2a2f8b1) Importer(815301076,1909f56bfc062723c751e8b465ee728b)
Start importing Assets/Input using Guid(7bb2b90666f4e004c8aeb66fd2a2f8b1) Importer(815301076,1909f56bfc062723c751e8b465ee728b)  -> (artifact id: 'cfd27c4d65e1896d0d95e450b947df3f') in 0.003958 seconds
  Import took 0.012576 seconds .

========================================================================
Received Import Request.
  Time since last request: 398.852184 seconds.
  path: Packages/com.unity.inputsystem/InputSystem/Plugins/PlayerInput/DefaultInputActions.inputactions
  artifactKey: Guid(ca9f5fa95ffab41fb9a615ab714db018) Importer(815301076,1909f56bfc062723c751e8b465ee728b)
Start importing Packages/com.unity.inputsystem/InputSystem/Plugins/PlayerInput/DefaultInputActions.inputactions using Guid(ca9f5fa95ffab41fb9a615ab714db018) Importer(815301076,1909f56bfc062723c751e8b465ee728b)  -> (artifact id: '8a85d885403d6f8ca14713e2e5ed8edc') in 0.023758 seconds
  Import took 0.121820 seconds .

========================================================================
Received Import Request.
  Time since last request: 0.001175 seconds.
  path: Packages/com.unity.inputsystem/InputSystem/Plugins/PlayerInput/DefaultInputActions.inputactions
  artifactKey: Guid(ca9f5fa95ffab41fb9a615ab714db018) Importer(815301076,1909f56bfc062723c751e8b465ee728b)
Start importing Packages/com.unity.inputsystem/InputSystem/Plugins/PlayerInput/DefaultInputActions.inputactions using Guid(ca9f5fa95ffab41fb9a615ab714db018) Importer(815301076,1909f56bfc062723c751e8b465ee728b)  -> (artifact id: '8a85d885403d6f8ca14713e2e5ed8edc') in 0.006989 seconds
  Import took 0.014538 seconds .

========================================================================
Received Prepare
Registering precompiled user dll's ...
Registered in 0.001499 seconds.
Begin MonoManager ReloadAssembly
Native extension for WindowsStandalone target not found
Refreshing native plugins compatible for Editor in 0.44 ms, found 0 plugins.
Preloading 0 native plugins for Editor in 0.00 ms.
Invoked RoslynAnalysisRunner static constructor.
RoslynAnalysisRunner will not be running.
RoslynAnalysisRunner has terminated.
Mono: successfully reloaded assembly
- Completed reload, in  0.984 seconds
Platform modules already initialized, skipping
Shader 'Universal Render Pipeline/Particles/Lit': fallback shader 'Universal Render Pipeline/Particles/SimpleLit' not found
Refreshing native plugins compatible for Editor in 1.09 ms, found 0 plugins.
Preloading 0 native plugins for Editor in 0.00 ms.
Unloading 2594 Unused Serialized files (Serialized files now loaded: 0)
System memory in use before: 117.6 MB.
System memory in use after: 117.8 MB.

Unloading 5 unused Assets to reduce memory usage. Loaded Objects now: 3150.
Total: 6.022200 ms (FindLiveObjects: 0.714200 ms CreateObjectMapping: 0.335600 ms MarkObjects: 4.932700 ms  DeleteObjects: 0.037300 ms)

========================================================================
Received Import Request.
  Time since last request: 54.455125 seconds.
  path: Assets/Input/InputActions.inputactions
  artifactKey: Guid(cd26fa4e2f5999b4ab6ef6fc5deda36b) Importer(815301076,1909f56bfc062723c751e8b465ee728b)
Start importing Assets/Input/InputActions.inputactions using Guid(cd26fa4e2f5999b4ab6ef6fc5deda36b) Importer(815301076,1909f56bfc062723c751e8b465ee728b)  -> (artifact id: 'a3ba521cd67736e2d375017ee75c987c') in 0.022818 seconds
  Import took 0.030795 seconds .

========================================================================
Received Prepare
Registering precompiled user dll's ...
Registered in 0.002549 seconds.
Begin MonoManager ReloadAssembly
Native extension for WindowsStandalone target not found
Refreshing native plugins compatible for Editor in 0.47 ms, found 0 plugins.
Preloading 0 native plugins for Editor in 0.00 ms.
Invoked RoslynAnalysisRunner static constructor.
RoslynAnalysisRunner will not be running.
RoslynAnalysisRunner has terminated.
Mono: successfully reloaded assembly
- Completed reload, in  1.089 seconds
Platform modules already initialized, skipping
Shader 'Universal Render Pipeline/Particles/Lit': fallback shader 'Universal Render Pipeline/Particles/SimpleLit' not found
Refreshing native plugins compatible for Editor in 1.03 ms, found 0 plugins.
Preloading 0 native plugins for Editor in 0.00 ms.
Unloading 2594 Unused Serialized files (Serialized files now loaded: 0)
System memory in use before: 117.6 MB.
System memory in use after: 117.9 MB.

Unloading 5 unused Assets to reduce memory usage. Loaded Objects now: 3152.
Total: 5.795900 ms (FindLiveObjects: 0.635700 ms CreateObjectMapping: 0.275500 ms MarkObjects: 4.842500 ms  DeleteObjects: 0.038900 ms)

========================================================================
Received Import Request.
  Time since last request: 182.640739 seconds.
  path: Assets/Input/New Folder
  artifactKey: Guid(669a00d5ddc770048be7efaf3b475c4c) Importer(815301076,1909f56bfc062723c751e8b465ee728b)
Start importing Assets/Input/New Folder using Guid(669a00d5ddc770048be7efaf3b475c4c) Importer(815301076,1909f56bfc062723c751e8b465ee728b)  -> (artifact id: 'ee497d9a0b790bf6fd28e3e3cdf2f612') in 0.021460 seconds
  Import took 0.033250 seconds .

========================================================================
Received Import Request.
  Time since last request: 11.370504 seconds.
  path: Assets/Scripts
  artifactKey: Guid(4560b3baa7c9baf4db1561f5ea2a31a6) Importer(815301076,1909f56bfc062723c751e8b465ee728b)
Start importing Assets/Scripts using Guid(4560b3baa7c9baf4db1561f5ea2a31a6) Importer(815301076,1909f56bfc062723c751e8b465ee728b)  -> (artifact id: '6de1bbf4415e9a9e99a7fb8520912f32') in 0.005008 seconds
  Import took 0.014150 seconds .

========================================================================
Received Prepare
Registering precompiled user dll's ...
Registered in 0.001527 seconds.
Begin MonoManager ReloadAssembly
Native extension for WindowsStandalone target not found
Refreshing native plugins compatible for Editor in 0.63 ms, found 0 plugins.
Preloading 0 native plugins for Editor in 0.00 ms.
Invoked RoslynAnalysisRunner static constructor.
RoslynAnalysisRunner will not be running.
RoslynAnalysisRunner has terminated.
Mono: successfully reloaded assembly
- Completed reload, in  1.604 seconds
Platform modules already initialized, skipping
Shader 'Universal Render Pipeline/Particles/Lit': fallback shader 'Universal Render Pipeline/Particles/SimpleLit' not found
Refreshing native plugins compatible for Editor in 1.38 ms, found 0 plugins.
Preloading 0 native plugins for Editor in 0.00 ms.
Unloading 2595 Unused Serialized files (Serialized files now loaded: 0)
System memory in use before: 117.7 MB.
System memory in use after: 117.9 MB.

Unloading 5 unused Assets to reduce memory usage. Loaded Objects now: 3155.
Total: 9.783000 ms (FindLiveObjects: 1.082300 ms CreateObjectMapping: 0.661800 ms MarkObjects: 7.959700 ms  DeleteObjects: 0.074800 ms)

========================================================================
Received Import Request.
  Time since last request: 84.153640 seconds.
  path: Assets/PlayerControler.cs
  artifactKey: Guid(34bd6fc78509bfb4ab9dac2a35fa8169) Importer(815301076,1909f56bfc062723c751e8b465ee728b)
Start importing Assets/PlayerControler.cs using Guid(34bd6fc78509bfb4ab9dac2a35fa8169) Importer(815301076,1909f56bfc062723c751e8b465ee728b)  -> (artifact id: '404fb116b337f64a10aefcb1688e43a9') in 0.018759 seconds
  Import took 0.026665 seconds .

========================================================================
Received Import Request.
  Time since last request: 0.003038 seconds.
  path: Assets/PlayerControler.cs
  artifactKey: Guid(34bd6fc78509bfb4ab9dac2a35fa8169) Importer(815301076,1909f56bfc062723c751e8b465ee728b)
Start importing Assets/PlayerControler.cs using Guid(34bd6fc78509bfb4ab9dac2a35fa8169) Importer(815301076,1909f56bfc062723c751e8b465ee728b)  -> (artifact id: '404fb116b337f64a10aefcb1688e43a9') in 0.003552 seconds
  Import took 0.012819 seconds .

========================================================================
Received Import Request.
  Time since last request: 8.219604 seconds.
  path: Assets/PlayerController.cs
  artifactKey: Guid(34bd6fc78509bfb4ab9dac2a35fa8169) Importer(815301076,1909f56bfc062723c751e8b465ee728b)
Start importing Assets/PlayerController.cs using Guid(34bd6fc78509bfb4ab9dac2a35fa8169) Importer(815301076,1909f56bfc062723c751e8b465ee728b)  -> (artifact id: '49db9707cf1ba71b125c0c1c408853e2') in 0.002732 seconds
  Import took 0.009447 seconds .

========================================================================
Received Prepare
Registering precompiled user dll's ...
Registered in 0.001482 seconds.
Begin MonoManager ReloadAssembly
Native extension for WindowsStandalone target not found
Refreshing native plugins compatible for Editor in 0.47 ms, found 0 plugins.
Preloading 0 native plugins for Editor in 0.00 ms.
Invoked RoslynAnalysisRunner static constructor.
RoslynAnalysisRunner will not be running.
RoslynAnalysisRunner has terminated.
Mono: successfully reloaded assembly
- Completed reload, in  1.053 seconds
Platform modules already initialized, skipping
Shader 'Universal Render Pipeline/Particles/Lit': fallback shader 'Universal Render Pipeline/Particles/SimpleLit' not found
Refreshing native plugins compatible for Editor in 1.23 ms, found 0 plugins.
Preloading 0 native plugins for Editor in 0.00 ms.
Unloading 2595 Unused Serialized files (Serialized files now loaded: 0)
System memory in use before: 117.7 MB.
System memory in use after: 117.9 MB.

Unloading 5 unused Assets to reduce memory usage. Loaded Objects now: 3157.
Total: 6.307200 ms (FindLiveObjects: 0.698500 ms CreateObjectMapping: 0.361500 ms MarkObjects: 5.201800 ms  DeleteObjects: 0.042200 ms)

========================================================================
Received Prepare
Registering precompiled user dll's ...
Registered in 0.001778 seconds.
Begin MonoManager ReloadAssembly
Native extension for WindowsStandalone target not found
Refreshing native plugins compatible for Editor in 0.45 ms, found 0 plugins.
Preloading 0 native plugins for Editor in 0.00 ms.
Invoked RoslynAnalysisRunner static constructor.
RoslynAnalysisRunner will not be running.
RoslynAnalysisRunner has terminated.
Mono: successfully reloaded assembly
- Completed reload, in  1.076 seconds
Platform modules already initialized, skipping
Shader 'Universal Render Pipeline/Particles/Lit': fallback shader 'Universal Render Pipeline/Particles/SimpleLit' not found
Refreshing native plugins compatible for Editor in 0.96 ms, found 0 plugins.
Preloading 0 native plugins for Editor in 0.00 ms.
Unloading 2595 Unused Serialized files (Serialized files now loaded: 0)
System memory in use before: 117.7 MB.
System memory in use after: 117.9 MB.

Unloading 5 unused Assets to reduce memory usage. Loaded Objects now: 3159.
Total: 6.188000 ms (FindLiveObjects: 0.852500 ms CreateObjectMapping: 0.407100 ms MarkObjects: 4.891600 ms  DeleteObjects: 0.033100 ms)

========================================================================
Received Import Request.
  Time since last request: 36.799760 seconds.
  path: Assets/PlayerController.cs
  artifactKey: Guid(34bd6fc78509bfb4ab9dac2a35fa8169) Importer(815301076,1909f56bfc062723c751e8b465ee728b)
Start importing Assets/PlayerController.cs using Guid(34bd6fc78509bfb4ab9dac2a35fa8169) Importer(815301076,1909f56bfc062723c751e8b465ee728b)  -> (artifact id: '15b96d4e708db8ef22bb691ced909acb') in 0.013020 seconds
  Import took 0.024096 seconds .

========================================================================
Received Prepare
Registering precompiled user dll's ...
Registered in 0.001799 seconds.
Begin MonoManager ReloadAssembly
Native extension for WindowsStandalone target not found
Refreshing native plugins compatible for Editor in 0.44 ms, found 0 plugins.
Preloading 0 native plugins for Editor in 0.00 ms.
Invoked RoslynAnalysisRunner static constructor.
RoslynAnalysisRunner will not be running.
RoslynAnalysisRunner has terminated.
Mono: successfully reloaded assembly
- Completed reload, in  0.932 seconds
Platform modules already initialized, skipping
Shader 'Universal Render Pipeline/Particles/Lit': fallback shader 'Universal Render Pipeline/Particles/SimpleLit' not found
Refreshing native plugins compatible for Editor in 1.22 ms, found 0 plugins.
Preloading 0 native plugins for Editor in 0.00 ms.
Unloading 2595 Unused Serialized files (Serialized files now loaded: 0)
System memory in use before: 117.7 MB.
System memory in use after: 117.9 MB.

Unloading 5 unused Assets to reduce memory usage. Loaded Objects now: 3161.
Total: 5.553800 ms (FindLiveObjects: 0.583100 ms CreateObjectMapping: 0.272800 ms MarkObjects: 4.646900 ms  DeleteObjects: 0.047900 ms)

========================================================================
Received Prepare
Registering precompiled user dll's ...
Registered in 0.001519 seconds.
Begin MonoManager ReloadAssembly
Native extension for WindowsStandalone target not found
Refreshing native plugins compatible for Editor in 0.65 ms, found 0 plugins.
Preloading 0 native plugins for Editor in 0.00 ms.
Invoked RoslynAnalysisRunner static constructor.
RoslynAnalysisRunner will not be running.
RoslynAnalysisRunner has terminated.
Mono: successfully reloaded assembly
- Completed reload, in  0.990 seconds
Platform modules already initialized, skipping
Shader 'Universal Render Pipeline/Particles/Lit': fallback shader 'Universal Render Pipeline/Particles/SimpleLit' not found
Refreshing native plugins compatible for Editor in 1.09 ms, found 0 plugins.
Preloading 0 native plugins for Editor in 0.00 ms.
Unloading 2595 Unused Serialized files (Serialized files now loaded: 0)
System memory in use before: 117.7 MB.
System memory in use after: 118.0 MB.

Unloading 5 unused Assets to reduce memory usage. Loaded Objects now: 3163.
Total: 5.886900 ms (FindLiveObjects: 0.661100 ms CreateObjectMapping: 0.293000 ms MarkObjects: 4.884000 ms  DeleteObjects: 0.046000 ms)

========================================================================
Received Import Request.
  Time since last request: 216.293000 seconds.
  path: Assets/Input/He posat el default, aixi no em va
  artifactKey: Guid(39151908eb7c342449ab8d2f52b36187) Importer(815301076,1909f56bfc062723c751e8b465ee728b)
Start importing Assets/Input/He posat el default, aixi no em va using Guid(39151908eb7c342449ab8d2f52b36187) Importer(815301076,1909f56bfc062723c751e8b465ee728b)  -> (artifact id: '670c9ce35658cb65244951fd43d1b9f7') in 0.011459 seconds
  Import took 0.021424 seconds .

========================================================================
Received Prepare
Registering precompiled user dll's ...
Registered in 0.001669 seconds.
Begin MonoManager ReloadAssembly
Native extension for WindowsStandalone target not found
Refreshing native plugins compatible for Editor in 0.55 ms, found 0 plugins.
Preloading 0 native plugins for Editor in 0.00 ms.
Invoked RoslynAnalysisRunner static constructor.
RoslynAnalysisRunner will not be running.
RoslynAnalysisRunner has terminated.
Mono: successfully reloaded assembly
- Completed reload, in  1.776 seconds
Platform modules already initialized, skipping
Shader 'Universal Render Pipeline/Particles/Lit': fallback shader 'Universal Render Pipeline/Particles/SimpleLit' not found
Refreshing native plugins compatible for Editor in 1.20 ms, found 0 plugins.
Preloading 0 native plugins for Editor in 0.00 ms.
Unloading 2595 Unused Serialized files (Serialized files now loaded: 0)
System memory in use before: 117.7 MB.
System memory in use after: 118.0 MB.

Unloading 5 unused Assets to reduce memory usage. Loaded Objects now: 3165.
Total: 6.472600 ms (FindLiveObjects: 0.718300 ms CreateObjectMapping: 0.394300 ms MarkObjects: 5.306600 ms  DeleteObjects: 0.049400 ms)

========================================================================
Received Prepare
Registering precompiled user dll's ...
Registered in 0.001715 seconds.
Begin MonoManager ReloadAssembly
Native extension for WindowsStandalone target not found
Refreshing native plugins compatible for Editor in 0.56 ms, found 0 plugins.
Preloading 0 native plugins for Editor in 0.00 ms.
Invoked RoslynAnalysisRunner static constructor.
RoslynAnalysisRunner will not be running.
RoslynAnalysisRunner has terminated.
Mono: successfully reloaded assembly
- Completed reload, in  1.049 seconds
Platform modules already initialized, skipping
Shader 'Universal Render Pipeline/Particles/Lit': fallback shader 'Universal Render Pipeline/Particles/SimpleLit' not found
Refreshing native plugins compatible for Editor in 1.06 ms, found 0 plugins.
Preloading 0 native plugins for Editor in 0.00 ms.
Unloading 2595 Unused Serialized files (Serialized files now loaded: 0)
System memory in use before: 117.7 MB.
System memory in use after: 118.0 MB.

Unloading 5 unused Assets to reduce memory usage. Loaded Objects now: 3167.
Total: 6.441400 ms (FindLiveObjects: 0.683800 ms CreateObjectMapping: 0.380700 ms MarkObjects: 5.338500 ms  DeleteObjects: 0.035100 ms)

========================================================================
Received Import Request.
  Time since last request: 354.575734 seconds.
  path: Assets/Scene
  artifactKey: Guid(2752f3886ff675543aee2d5d13fca459) Importer(815301076,1909f56bfc062723c751e8b465ee728b)
Start importing Assets/Scene using Guid(2752f3886ff675543aee2d5d13fca459) Importer(815301076,1909f56bfc062723c751e8b465ee728b)  -> (artifact id: '2706bfb83c932a1e749d296e2b72da21') in 0.021726 seconds
  Import took 0.031286 seconds .

========================================================================
Received Prepare
Registering precompiled user dll's ...
Registered in 0.001617 seconds.
Begin MonoManager ReloadAssembly
Native extension for WindowsStandalone target not found
Refreshing native plugins compatible for Editor in 0.76 ms, found 0 plugins.
Preloading 0 native plugins for Editor in 0.00 ms.
Invoked RoslynAnalysisRunner static constructor.
RoslynAnalysisRunner will not be running.
RoslynAnalysisRunner has terminated.
Mono: successfully reloaded assembly
- Completed reload, in  1.097 seconds
Platform modules already initialized, skipping
Shader 'Universal Render Pipeline/Particles/Lit': fallback shader 'Universal Render Pipeline/Particles/SimpleLit' not found
Refreshing native plugins compatible for Editor in 1.03 ms, found 0 plugins.
Preloading 0 native plugins for Editor in 0.00 ms.
Unloading 2596 Unused Serialized files (Serialized files now loaded: 0)
System memory in use before: 117.8 MB.
System memory in use after: 118.0 MB.

Unloading 5 unused Assets to reduce memory usage. Loaded Objects now: 3170.
Total: 6.204600 ms (FindLiveObjects: 0.729500 ms CreateObjectMapping: 0.366100 ms MarkObjects: 5.059900 ms  DeleteObjects: 0.040900 ms)

========================================================================
Received Import Request.
  Time since last request: 26.763013 seconds.
  path: Assets/CameraController.cs
  artifactKey: Guid(79f49eec68ea34f45a88896edba0f662) Importer(815301076,1909f56bfc062723c751e8b465ee728b)
Start importing Assets/CameraController.cs using Guid(79f49eec68ea34f45a88896edba0f662) Importer(815301076,1909f56bfc062723c751e8b465ee728b)  -> (artifact id: '0586a7771e38445fc03ea9efb9b8c3e4') in 0.012237 seconds
  Import took 0.022308 seconds .

========================================================================
Received Prepare
Registering precompiled user dll's ...
Registered in 0.001565 seconds.
Begin MonoManager ReloadAssembly
Native extension for WindowsStandalone target not found
Refreshing native plugins compatible for Editor in 0.46 ms, found 0 plugins.
Preloading 0 native plugins for Editor in 0.00 ms.
Invoked RoslynAnalysisRunner static constructor.
RoslynAnalysisRunner will not be running.
RoslynAnalysisRunner has terminated.
Mono: successfully reloaded assembly
- Completed reload, in  1.002 seconds
Platform modules already initialized, skipping
Shader 'Universal Render Pipeline/Particles/Lit': fallback shader 'Universal Render Pipeline/Particles/SimpleLit' not found
Refreshing native plugins compatible for Editor in 1.19 ms, found 0 plugins.
Preloading 0 native plugins for Editor in 0.00 ms.
Unloading 2596 Unused Serialized files (Serialized files now loaded: 0)
System memory in use before: 117.8 MB.
System memory in use after: 118.0 MB.

Unloading 5 unused Assets to reduce memory usage. Loaded Objects now: 3172.
Total: 6.249600 ms (FindLiveObjects: 0.802000 ms CreateObjectMapping: 0.475800 ms MarkObjects: 4.937000 ms  DeleteObjects: 0.031600 ms)

========================================================================
Received Prepare
Registering precompiled user dll's ...
Registered in 0.002468 seconds.
Begin MonoManager ReloadAssembly
Native extension for WindowsStandalone target not found
Refreshing native plugins compatible for Editor in 0.48 ms, found 0 plugins.
Preloading 0 native plugins for Editor in 0.00 ms.
Invoked RoslynAnalysisRunner static constructor.
RoslynAnalysisRunner will not be running.
RoslynAnalysisRunner has terminated.
Mono: successfully reloaded assembly
- Completed reload, in  0.959 seconds
Platform modules already initialized, skipping
Shader 'Universal Render Pipeline/Particles/Lit': fallback shader 'Universal Render Pipeline/Particles/SimpleLit' not found
Refreshing native plugins compatible for Editor in 0.54 ms, found 0 plugins.
Preloading 0 native plugins for Editor in 0.00 ms.
Unloading 2596 Unused Serialized files (Serialized files now loaded: 0)
System memory in use before: 117.8 MB.
System memory in use after: 118.0 MB.

Unloading 5 unused Assets to reduce memory usage. Loaded Objects now: 3174.
Total: 4.679800 ms (FindLiveObjects: 0.644900 ms CreateObjectMapping: 0.391900 ms MarkObjects: 3.616600 ms  DeleteObjects: 0.024000 ms)

========================================================================
Received Import Request.
  Time since last request: 70.147372 seconds.
  path: Assets/Scripts/CameraController.cs
  artifactKey: Guid(79f49eec68ea34f45a88896edba0f662) Importer(815301076,1909f56bfc062723c751e8b465ee728b)
Start importing Assets/Scripts/CameraController.cs using Guid(79f49eec68ea34f45a88896edba0f662) Importer(815301076,1909f56bfc062723c751e8b465ee728b)  -> (artifact id: 'add0c3fcac2deccfe68a205604ff2bd7') in 0.011764 seconds
  Import took 0.021973 seconds .

========================================================================
Received Prepare
Registering precompiled user dll's ...
Registered in 0.001667 seconds.
Begin MonoManager ReloadAssembly
Native extension for WindowsStandalone target not found
Refreshing native plugins compatible for Editor in 0.70 ms, found 0 plugins.
Preloading 0 native plugins for Editor in 0.00 ms.
Invoked RoslynAnalysisRunner static constructor.
RoslynAnalysisRunner will not be running.
RoslynAnalysisRunner has terminated.
Mono: successfully reloaded assembly
- Completed reload, in  2.266 seconds
Platform modules already initialized, skipping
Shader 'Universal Render Pipeline/Particles/Lit': fallback shader 'Universal Render Pipeline/Particles/SimpleLit' not found
Refreshing native plugins compatible for Editor in 1.21 ms, found 0 plugins.
Preloading 0 native plugins for Editor in 0.00 ms.
Unloading 2596 Unused Serialized files (Serialized files now loaded: 0)
System memory in use before: 117.8 MB.
System memory in use after: 118.0 MB.

Unloading 5 unused Assets to reduce memory usage. Loaded Objects now: 3176.
Total: 17.930400 ms (FindLiveObjects: 2.087000 ms CreateObjectMapping: 0.473900 ms MarkObjects: 15.216800 ms  DeleteObjects: 0.106400 ms)

========================================================================
Received Import Request.
  Time since last request: 1024.610467 seconds.
  path: Assets/Materials/Walls.mat
  artifactKey: Guid(2963504b392edac4c8c31ec5c604bd45) Importer(815301076,1909f56bfc062723c751e8b465ee728b)
Start importing Assets/Materials/Walls.mat using Guid(2963504b392edac4c8c31ec5c604bd45) Importer(815301076,1909f56bfc062723c751e8b465ee728b)  -> (artifact id: 'd097704cff3380aa2700d6e936e5ea6f') in 0.500020 seconds
  Import took 0.516214 seconds .

========================================================================
Received Import Request.
  Time since last request: 185.127875 seconds.
  path: Assets/Materials/Walls.mat
  artifactKey: Guid(2963504b392edac4c8c31ec5c604bd45) Importer(815301076,1909f56bfc062723c751e8b465ee728b)
Start importing Assets/Materials/Walls.mat using Guid(2963504b392edac4c8c31ec5c604bd45) Importer(815301076,1909f56bfc062723c751e8b465ee728b)  -> (artifact id: '05544bf7a1fa92ede6ffac0a6f6840a7') in 0.028977 seconds
  Import took 0.039575 seconds .

========================================================================
Received Prepare
Registering precompiled user dll's ...
Registered in 0.001573 seconds.
Begin MonoManager ReloadAssembly
Native extension for WindowsStandalone target not found
Refreshing native plugins compatible for Editor in 0.49 ms, found 0 plugins.
Preloading 0 native plugins for Editor in 0.00 ms.
Invoked RoslynAnalysisRunner static constructor.
RoslynAnalysisRunner will not be running.
RoslynAnalysisRunner has terminated.
Mono: successfully reloaded assembly
- Completed reload, in  1.267 seconds
Platform modules already initialized, skipping
Shader 'Universal Render Pipeline/Particles/Lit': fallback shader 'Universal Render Pipeline/Particles/SimpleLit' not found
Refreshing native plugins compatible for Editor in 1.14 ms, found 0 plugins.
Preloading 0 native plugins for Editor in 0.00 ms.
Unloading 2596 Unused Serialized files (Serialized files now loaded: 0)
System memory in use before: 123.2 MB.
System memory in use after: 123.4 MB.

Unloading 5 unused Assets to reduce memory usage. Loaded Objects now: 3256.
Total: 6.252700 ms (FindLiveObjects: 0.795300 ms CreateObjectMapping: 0.345700 ms MarkObjects: 5.060300 ms  DeleteObjects: 0.049000 ms)

========================================================================
Received Prepare
Registering precompiled user dll's ...
Registered in 0.001515 seconds.
Begin MonoManager ReloadAssembly
Native extension for WindowsStandalone target not found
Refreshing native plugins compatible for Editor in 0.44 ms, found 0 plugins.
Preloading 0 native plugins for Editor in 0.00 ms.
Invoked RoslynAnalysisRunner static constructor.
RoslynAnalysisRunner will not be running.
RoslynAnalysisRunner has terminated.
Mono: successfully reloaded assembly
- Completed reload, in  1.082 seconds
Platform modules already initialized, skipping
Shader 'Universal Render Pipeline/Particles/Lit': fallback shader 'Universal Render Pipeline/Particles/SimpleLit' not found
Refreshing native plugins compatible for Editor in 1.22 ms, found 0 plugins.
Preloading 0 native plugins for Editor in 0.00 ms.
Unloading 2596 Unused Serialized files (Serialized files now loaded: 0)
System memory in use before: 123.2 MB.
System memory in use after: 123.5 MB.

Unloading 5 unused Assets to reduce memory usage. Loaded Objects now: 3258.
Total: 6.052900 ms (FindLiveObjects: 0.579900 ms CreateObjectMapping: 0.306300 ms MarkObjects: 5.128600 ms  DeleteObjects: 0.035800 ms)

========================================================================
Received Prepare
Registering precompiled user dll's ...
Registered in 0.001879 seconds.
Begin MonoManager ReloadAssembly
Native extension for WindowsStandalone target not found
Refreshing native plugins compatible for Editor in 0.57 ms, found 0 plugins.
Preloading 0 native plugins for Editor in 0.00 ms.
Invoked RoslynAnalysisRunner static constructor.
RoslynAnalysisRunner will not be running.
RoslynAnalysisRunner has terminated.
Mono: successfully reloaded assembly
- Completed reload, in  1.873 seconds
Platform modules already initialized, skipping
Shader 'Universal Render Pipeline/Particles/Lit': fallback shader 'Universal Render Pipeline/Particles/SimpleLit' not found
Refreshing native plugins compatible for Editor in 1.19 ms, found 0 plugins.
Preloading 0 native plugins for Editor in 0.00 ms.
Unloading 2597 Unused Serialized files (Serialized files now loaded: 0)
System memory in use before: 123.3 MB.
System memory in use after: 123.5 MB.

Unloading 5 unused Assets to reduce memory usage. Loaded Objects now: 3261.
Total: 6.306500 ms (FindLiveObjects: 0.743400 ms CreateObjectMapping: 0.395100 ms MarkObjects: 5.104800 ms  DeleteObjects: 0.060400 ms)

========================================================================
Received Prepare
Registering precompiled user dll's ...
Registered in 0.001532 seconds.
Begin MonoManager ReloadAssembly
Native extension for WindowsStandalone target not found
Refreshing native plugins compatible for Editor in 0.48 ms, found 0 plugins.
Preloading 0 native plugins for Editor in 0.00 ms.
Invoked RoslynAnalysisRunner static constructor.
RoslynAnalysisRunner will not be running.
RoslynAnalysisRunner has terminated.
Mono: successfully reloaded assembly
- Completed reload, in  1.059 seconds
Platform modules already initialized, skipping
Shader 'Universal Render Pipeline/Particles/Lit': fallback shader 'Universal Render Pipeline/Particles/SimpleLit' not found
Refreshing native plugins compatible for Editor in 1.17 ms, found 0 plugins.
Preloading 0 native plugins for Editor in 0.00 ms.
Unloading 2597 Unused Serialized files (Serialized files now loaded: 0)
System memory in use before: 123.3 MB.
System memory in use after: 123.5 MB.

Unloading 5 unused Assets to reduce memory usage. Loaded Objects now: 3263.
Total: 6.135700 ms (FindLiveObjects: 0.704600 ms CreateObjectMapping: 0.285900 ms MarkObjects: 5.104500 ms  DeleteObjects: 0.037800 ms)

========================================================================
Received Import Request.
  Time since last request: 592.567135 seconds.
  path: Assets/Scripts/Rotator.cs
  artifactKey: Guid(f441f39991db1b040a8138734a9e8b19) Importer(815301076,1909f56bfc062723c751e8b465ee728b)
Start importing Assets/Scripts/Rotator.cs using Guid(f441f39991db1b040a8138734a9e8b19) Importer(815301076,1909f56bfc062723c751e8b465ee728b)  -> (artifact id: 'a3d5b0bac79391af07509d9cfbf5ea13') in 0.012368 seconds
  Import took 0.019889 seconds .

========================================================================
Received Import Request.
  Time since last request: 0.003168 seconds.
  path: Assets/Scripts/Rotator.cs
  artifactKey: Guid(f441f39991db1b040a8138734a9e8b19) Importer(815301076,1909f56bfc062723c751e8b465ee728b)
Start importing Assets/Scripts/Rotator.cs using Guid(f441f39991db1b040a8138734a9e8b19) Importer(815301076,1909f56bfc062723c751e8b465ee728b)  -> (artifact id: 'a3d5b0bac79391af07509d9cfbf5ea13') in 0.004390 seconds
  Import took 0.012548 seconds .

========================================================================
Received Prepare
Registering precompiled user dll's ...
Registered in 0.003624 seconds.
Begin MonoManager ReloadAssembly
Native extension for WindowsStandalone target not found
Refreshing native plugins compatible for Editor in 0.56 ms, found 0 plugins.
Preloading 0 native plugins for Editor in 0.00 ms.
Invoked RoslynAnalysisRunner static constructor.
RoslynAnalysisRunner will not be running.
RoslynAnalysisRunner has terminated.
Mono: successfully reloaded assembly
- Completed reload, in  1.149 seconds
Platform modules already initialized, skipping
Shader 'Universal Render Pipeline/Particles/Lit': fallback shader 'Universal Render Pipeline/Particles/SimpleLit' not found
Refreshing native plugins compatible for Editor in 0.47 ms, found 0 plugins.
Preloading 0 native plugins for Editor in 0.00 ms.
Unloading 2597 Unused Serialized files (Serialized files now loaded: 0)
System memory in use before: 123.3 MB.
System memory in use after: 123.5 MB.

Unloading 5 unused Assets to reduce memory usage. Loaded Objects now: 3265.
Total: 4.931000 ms (FindLiveObjects: 0.373600 ms CreateObjectMapping: 0.150400 ms MarkObjects: 4.382400 ms  DeleteObjects: 0.022800 ms)

========================================================================
Received Import Request.
  Time since last request: 202.305451 seconds.
  path: Assets/Scripts/Rotator.cs
  artifactKey: Guid(f441f39991db1b040a8138734a9e8b19) Importer(815301076,1909f56bfc062723c751e8b465ee728b)
Start importing Assets/Scripts/Rotator.cs using Guid(f441f39991db1b040a8138734a9e8b19) Importer(815301076,1909f56bfc062723c751e8b465ee728b)  -> (artifact id: '31f9b529d7377f4145467649af219c76') in 0.011028 seconds
  Import took 0.021745 seconds .

========================================================================
Received Prepare
Registering precompiled user dll's ...
Registered in 0.002691 seconds.
Begin MonoManager ReloadAssembly
Native extension for WindowsStandalone target not found
Refreshing native plugins compatible for Editor in 0.59 ms, found 0 plugins.
Preloading 0 native plugins for Editor in 0.00 ms.
Invoked RoslynAnalysisRunner static constructor.
RoslynAnalysisRunner will not be running.
RoslynAnalysisRunner has terminated.
Mono: successfully reloaded assembly
- Completed reload, in  1.380 seconds
Platform modules already initialized, skipping
Shader 'Universal Render Pipeline/Particles/Lit': fallback shader 'Universal Render Pipeline/Particles/SimpleLit' not found
Refreshing native plugins compatible for Editor in 1.25 ms, found 0 plugins.
Preloading 0 native plugins for Editor in 0.00 ms.
Unloading 2597 Unused Serialized files (Serialized files now loaded: 0)
System memory in use before: 123.3 MB.
System memory in use after: 123.5 MB.

Unloading 5 unused Assets to reduce memory usage. Loaded Objects now: 3267.
Total: 10.815200 ms (FindLiveObjects: 1.596000 ms CreateObjectMapping: 1.180400 ms MarkObjects: 7.810400 ms  DeleteObjects: 0.221800 ms)

========================================================================
Received Import Request.
  Time since last request: 238.599382 seconds.
  path: Assets/Prefabs
  artifactKey: Guid(2d5a39a04aeed684dbec6f270012f9c5) Importer(815301076,1909f56bfc062723c751e8b465ee728b)
Start importing Assets/Prefabs using Guid(2d5a39a04aeed684dbec6f270012f9c5) Importer(815301076,1909f56bfc062723c751e8b465ee728b)  -> (artifact id: '25a90157a2b159a17e19f9c04404772d') in 0.012738 seconds
  Import took 0.022318 seconds .

========================================================================
Received Import Request.
  Time since last request: 11.638786 seconds.
  path: Assets/Prefabs/PickUp.prefab
  artifactKey: Guid(a759f80d06b7baf49b04fddf18646f04) Importer(815301076,1909f56bfc062723c751e8b465ee728b)
Start importing Assets/Prefabs/PickUp.prefab using Guid(a759f80d06b7baf49b04fddf18646f04) Importer(815301076,1909f56bfc062723c751e8b465ee728b)  -> (artifact id: '467f035b62a155ea94b787c4c8142014') in 0.257537 seconds
  Import took 0.264016 seconds .

========================================================================
Received Prepare
Registering precompiled user dll's ...
Registered in 0.001707 seconds.
Begin MonoManager ReloadAssembly
Native extension for WindowsStandalone target not found
Refreshing native plugins compatible for Editor in 0.46 ms, found 0 plugins.
Preloading 0 native plugins for Editor in 0.00 ms.
Invoked RoslynAnalysisRunner static constructor.
RoslynAnalysisRunner will not be running.
RoslynAnalysisRunner has terminated.
Mono: successfully reloaded assembly
- Completed reload, in  1.145 seconds
Platform modules already initialized, skipping
Shader 'Universal Render Pipeline/Particles/Lit': fallback shader 'Universal Render Pipeline/Particles/SimpleLit' not found
Refreshing native plugins compatible for Editor in 1.53 ms, found 0 plugins.
Preloading 0 native plugins for Editor in 0.00 ms.
Unloading 2597 Unused Serialized files (Serialized files now loaded: 0)
System memory in use before: 123.4 MB.
System memory in use after: 123.6 MB.

Unloading 5 unused Assets to reduce memory usage. Loaded Objects now: 3306.
Total: 15.207100 ms (FindLiveObjects: 2.065500 ms CreateObjectMapping: 1.094400 ms MarkObjects: 11.986100 ms  DeleteObjects: 0.054700 ms)

========================================================================
Received Import Request.
  Time since last request: 689.410847 seconds.
  path: Assets/Scripts/PlayerController.cs
  artifactKey: Guid(34bd6fc78509bfb4ab9dac2a35fa8169) Importer(815301076,1909f56bfc062723c751e8b465ee728b)
Start importing Assets/Scripts/PlayerController.cs using Guid(34bd6fc78509bfb4ab9dac2a35fa8169) Importer(815301076,1909f56bfc062723c751e8b465ee728b)  -> (artifact id: 'f04963a08051674ca5779d4b1f7e913a') in 0.008502 seconds
  Import took 0.014391 seconds .

========================================================================
Received Import Request.
  Time since last request: 0.020889 seconds.
  path: Assets/Scripts/PlayerController.cs
  artifactKey: Guid(34bd6fc78509bfb4ab9dac2a35fa8169) Importer(815301076,1909f56bfc062723c751e8b465ee728b)
Start importing Assets/Scripts/PlayerController.cs using Guid(34bd6fc78509bfb4ab9dac2a35fa8169) Importer(815301076,1909f56bfc062723c751e8b465ee728b)  -> (artifact id: 'f04963a08051674ca5779d4b1f7e913a') in 0.003253 seconds
  Import took 0.009428 seconds .

========================================================================
Received Prepare
Registering precompiled user dll's ...
Registered in 0.002757 seconds.
Begin MonoManager ReloadAssembly
Native extension for WindowsStandalone target not found
Refreshing native plugins compatible for Editor in 0.85 ms, found 0 plugins.
Preloading 0 native plugins for Editor in 0.00 ms.
Invoked RoslynAnalysisRunner static constructor.
RoslynAnalysisRunner will not be running.
RoslynAnalysisRunner has terminated.
Mono: successfully reloaded assembly
- Completed reload, in  1.232 seconds
Platform modules already initialized, skipping
Shader 'Universal Render Pipeline/Particles/Lit': fallback shader 'Universal Render Pipeline/Particles/SimpleLit' not found
Refreshing native plugins compatible for Editor in 1.41 ms, found 0 plugins.
Preloading 0 native plugins for Editor in 0.00 ms.
Unloading 2597 Unused Serialized files (Serialized files now loaded: 0)
System memory in use before: 123.4 MB.
System memory in use after: 123.7 MB.

Unloading 5 unused Assets to reduce memory usage. Loaded Objects now: 3308.
Total: 13.713000 ms (FindLiveObjects: 1.587800 ms CreateObjectMapping: 0.395500 ms MarkObjects: 11.647000 ms  DeleteObjects: 0.078000 ms)

========================================================================
Received Import Request.
  Time since last request: 174.476877 seconds.
  path: Assets/Scripts/PlayerController.cs
  artifactKey: Guid(34bd6fc78509bfb4ab9dac2a35fa8169) Importer(815301076,1909f56bfc062723c751e8b465ee728b)
Start importing Assets/Scripts/PlayerController.cs using Guid(34bd6fc78509bfb4ab9dac2a35fa8169) Importer(815301076,1909f56bfc062723c751e8b465ee728b)  -> (artifact id: 'a974e412f0508358a7ff3e9ce4b35dc7') in 0.016359 seconds
  Import took 0.031143 seconds .

========================================================================
Received Import Request.
  Time since last request: 35.472848 seconds.
  path: ProjectSettings/TagManager.asset
  artifactKey: Guid(00000000000000003000000000000000) Importer(815301076,1909f56bfc062723c751e8b465ee728b)
Start importing ProjectSettings/TagManager.asset using Guid(00000000000000003000000000000000) Importer(815301076,1909f56bfc062723c751e8b465ee728b)  -> (artifact id: '470e31d8d99a9e69b1c7af0e5dce13f0') in 0.029783 seconds
  Import took 0.038579 seconds .

========================================================================
Received Import Request.
  Time since last request: 0.002576 seconds.
  path: ProjectSettings/TagManager.asset
  artifactKey: Guid(00000000000000003000000000000000) Importer(815301076,1909f56bfc062723c751e8b465ee728b)
Start importing ProjectSettings/TagManager.asset using Guid(00000000000000003000000000000000) Importer(815301076,1909f56bfc062723c751e8b465ee728b)  -> (artifact id: '470e31d8d99a9e69b1c7af0e5dce13f0') in 0.009226 seconds
  Import took 0.020597 seconds .

========================================================================
Received Import Request.
  Time since last request: 34.898013 seconds.
  path: Assets/Prefabs/PickUp.prefab
  artifactKey: Guid(a759f80d06b7baf49b04fddf18646f04) Importer(815301076,1909f56bfc062723c751e8b465ee728b)
Start importing Assets/Prefabs/PickUp.prefab using Guid(a759f80d06b7baf49b04fddf18646f04) Importer(815301076,1909f56bfc062723c751e8b465ee728b)  -> (artifact id: '26c5a4c7ed1c2d1e50094edb1bad7cb4') in 0.269805 seconds
  Import took 0.279243 seconds .

========================================================================
Received Prepare
Registering precompiled user dll's ...
Registered in 0.002316 seconds.
Begin MonoManager ReloadAssembly
Native extension for WindowsStandalone target not found
Refreshing native plugins compatible for Editor in 0.48 ms, found 0 plugins.
Preloading 0 native plugins for Editor in 0.00 ms.
Invoked RoslynAnalysisRunner static constructor.
RoslynAnalysisRunner will not be running.
RoslynAnalysisRunner has terminated.
Mono: successfully reloaded assembly
- Completed reload, in  1.197 seconds
Platform modules already initialized, skipping
Shader 'Universal Render Pipeline/Particles/Lit': fallback shader 'Universal Render Pipeline/Particles/SimpleLit' not found
Refreshing native plugins compatible for Editor in 1.09 ms, found 0 plugins.
Preloading 0 native plugins for Editor in 0.00 ms.
Unloading 2597 Unused Serialized files (Serialized files now loaded: 0)
System memory in use before: 123.6 MB.
System memory in use after: 123.8 MB.

Unloading 7 unused Assets to reduce memory usage. Loaded Objects now: 3346.
Total: 6.574600 ms (FindLiveObjects: 0.762100 ms CreateObjectMapping: 0.336700 ms MarkObjects: 5.435900 ms  DeleteObjects: 0.037200 ms)

========================================================================
Received Prepare
Registering precompiled user dll's ...
Registered in 0.001890 seconds.
Begin MonoManager ReloadAssembly
Native extension for WindowsStandalone target not found
Refreshing native plugins compatible for Editor in 0.62 ms, found 0 plugins.
Preloading 0 native plugins for Editor in 0.00 ms.
Invoked RoslynAnalysisRunner static constructor.
RoslynAnalysisRunner will not be running.
RoslynAnalysisRunner has terminated.
Mono: successfully reloaded assembly
- Completed reload, in  1.943 seconds
Platform modules already initialized, skipping
Shader 'Universal Render Pipeline/Particles/Lit': fallback shader 'Universal Render Pipeline/Particles/SimpleLit' not found
Refreshing native plugins compatible for Editor in 2.01 ms, found 0 plugins.
Preloading 0 native plugins for Editor in 0.00 ms.
Unloading 2597 Unused Serialized files (Serialized files now loaded: 0)
System memory in use before: 123.6 MB.
System memory in use after: 123.8 MB.

Unloading 5 unused Assets to reduce memory usage. Loaded Objects now: 3348.
Total: 8.678100 ms (FindLiveObjects: 0.827900 ms CreateObjectMapping: 0.560000 ms MarkObjects: 7.204300 ms  DeleteObjects: 0.082000 ms)

========================================================================
Received Import Request.
  Time since last request: 200.905100 seconds.
  path: Assets/Prefabs/PickUp.prefab
  artifactKey: Guid(a759f80d06b7baf49b04fddf18646f04) Importer(815301076,1909f56bfc062723c751e8b465ee728b)
Start importing Assets/Prefabs/PickUp.prefab using Guid(a759f80d06b7baf49b04fddf18646f04) Importer(815301076,1909f56bfc062723c751e8b465ee728b)  -> (artifact id: '664d779685847c2263a67586906e8cd8') in 0.229692 seconds
  Import took 0.239866 seconds .

========================================================================
Received Prepare
Registering precompiled user dll's ...
Registered in 0.002129 seconds.
Begin MonoManager ReloadAssembly
Native extension for WindowsStandalone target not found
Refreshing native plugins compatible for Editor in 0.88 ms, found 0 plugins.
Preloading 0 native plugins for Editor in 0.00 ms.
Invoked RoslynAnalysisRunner static constructor.
RoslynAnalysisRunner will not be running.
RoslynAnalysisRunner has terminated.
Mono: successfully reloaded assembly
- Completed reload, in  2.389 seconds
Platform modules already initialized, skipping
Shader 'Universal Render Pipeline/Particles/Lit': fallback shader 'Universal Render Pipeline/Particles/SimpleLit' not found
Refreshing native plugins compatible for Editor in 1.22 ms, found 0 plugins.
Preloading 0 native plugins for Editor in 0.00 ms.
Unloading 2597 Unused Serialized files (Serialized files now loaded: 0)
System memory in use before: 123.7 MB.
System memory in use after: 123.9 MB.

Unloading 5 unused Assets to reduce memory usage. Loaded Objects now: 3386.
Total: 9.846800 ms (FindLiveObjects: 1.394600 ms CreateObjectMapping: 0.357700 ms MarkObjects: 7.890200 ms  DeleteObjects: 0.198900 ms)

========================================================================
Received Import Request.
  Time since last request: 109.888348 seconds.
  path: Assets/Prefabs/PickUp.prefab
  artifactKey: Guid(a759f80d06b7baf49b04fddf18646f04) Importer(815301076,1909f56bfc062723c751e8b465ee728b)
Start importing Assets/Prefabs/PickUp.prefab using Guid(a759f80d06b7baf49b04fddf18646f04) Importer(815301076,1909f56bfc062723c751e8b465ee728b)  -> (artifact id: 'dba080761dfa3e6cd6cae816033c211a') in 0.316063 seconds
  Import took 0.325009 seconds .

========================================================================
Received Import Request.
  Time since last request: 37.366065 seconds.
  path: Assets/Prefabs/PickUp.prefab
  artifactKey: Guid(a759f80d06b7baf49b04fddf18646f04) Importer(815301076,1909f56bfc062723c751e8b465ee728b)
Start importing Assets/Prefabs/PickUp.prefab using Guid(a759f80d06b7baf49b04fddf18646f04) Importer(815301076,1909f56bfc062723c751e8b465ee728b)  -> (artifact id: '22b9269725708be7ab305476de115df1') in 0.031139 seconds
  Import took 0.043108 seconds .

========================================================================
Received Import Request.
  Time since last request: 11.654950 seconds.
  path: Assets/Prefabs/PickUp.prefab
  artifactKey: Guid(a759f80d06b7baf49b04fddf18646f04) Importer(815301076,1909f56bfc062723c751e8b465ee728b)
Start importing Assets/Prefabs/PickUp.prefab using Guid(a759f80d06b7baf49b04fddf18646f04) Importer(815301076,1909f56bfc062723c751e8b465ee728b)  -> (artifact id: '2fc9d6bbdcfe9e96d4a0987abb775744') in 0.073883 seconds
  Import took 0.091953 seconds .

========================================================================
Received Prepare
Registering precompiled user dll's ...
Registered in 0.005000 seconds.
Begin MonoManager ReloadAssembly
Native extension for WindowsStandalone target not found
Refreshing native plugins compatible for Editor in 0.48 ms, found 0 plugins.
Preloading 0 native plugins for Editor in 0.00 ms.
Invoked RoslynAnalysisRunner static constructor.
RoslynAnalysisRunner will not be running.
RoslynAnalysisRunner has terminated.
Mono: successfully reloaded assembly
- Completed reload, in  1.206 seconds
Platform modules already initialized, skipping
Shader 'Universal Render Pipeline/Particles/Lit': fallback shader 'Universal Render Pipeline/Particles/SimpleLit' not found
Refreshing native plugins compatible for Editor in 1.15 ms, found 0 plugins.
Preloading 0 native plugins for Editor in 0.00 ms.
Unloading 2597 Unused Serialized files (Serialized files now loaded: 0)
System memory in use before: 123.9 MB.
System memory in use after: 124.1 MB.

Unloading 5 unused Assets to reduce memory usage. Loaded Objects now: 3424.
Total: 10.548700 ms (FindLiveObjects: 1.321600 ms CreateObjectMapping: 1.159200 ms MarkObjects: 8.021100 ms  DeleteObjects: 0.042400 ms)

========================================================================
Received Prepare
Registering precompiled user dll's ...
Registered in 0.001661 seconds.
Begin MonoManager ReloadAssembly
Native extension for WindowsStandalone target not found
Refreshing native plugins compatible for Editor in 1.33 ms, found 0 plugins.
Preloading 0 native plugins for Editor in 0.00 ms.
Invoked RoslynAnalysisRunner static constructor.
RoslynAnalysisRunner will not be running.
RoslynAnalysisRunner has terminated.
Mono: successfully reloaded assembly
- Completed reload, in  1.312 seconds
Platform modules already initialized, skipping
Shader 'Universal Render Pipeline/Particles/Lit': fallback shader 'Universal Render Pipeline/Particles/SimpleLit' not found
Refreshing native plugins compatible for Editor in 1.09 ms, found 0 plugins.
Preloading 0 native plugins for Editor in 0.00 ms.
Unloading 2610 Unused Serialized files (Serialized files now loaded: 0)
System memory in use before: 125.6 MB.
System memory in use after: 125.2 MB.

Unloading 18 unused Assets to reduce memory usage. Loaded Objects now: 3426.
Total: 5.502800 ms (FindLiveObjects: 1.045100 ms CreateObjectMapping: 0.394500 ms MarkObjects: 3.354700 ms  DeleteObjects: 0.704900 ms)

========================================================================
Received Prepare
Registering precompiled user dll's ...
Registered in 0.001482 seconds.
Begin MonoManager ReloadAssembly
Native extension for WindowsStandalone target not found
Refreshing native plugins compatible for Editor in 0.49 ms, found 0 plugins.
Preloading 0 native plugins for Editor in 0.00 ms.
Invoked RoslynAnalysisRunner static constructor.
RoslynAnalysisRunner will not be running.
RoslynAnalysisRunner has terminated.
Mono: successfully reloaded assembly
- Completed reload, in  1.010 seconds
Platform modules already initialized, skipping
Shader 'Universal Render Pipeline/Particles/Lit': fallback shader 'Universal Render Pipeline/Particles/SimpleLit' not found
Refreshing native plugins compatible for Editor in 1.02 ms, found 0 plugins.
Preloading 0 native plugins for Editor in 0.00 ms.
Unloading 2610 Unused Serialized files (Serialized files now loaded: 0)
System memory in use before: 125.6 MB.
System memory in use after: 125.3 MB.

Unloading 18 unused Assets to reduce memory usage. Loaded Objects now: 3428.
Total: 6.931200 ms (FindLiveObjects: 0.725500 ms CreateObjectMapping: 0.369000 ms MarkObjects: 5.127900 ms  DeleteObjects: 0.705300 ms)

========================================================================
Received Prepare
Registering precompiled user dll's ...
Registered in 0.002434 seconds.
Begin MonoManager ReloadAssembly
Native extension for WindowsStandalone target not found
Refreshing native plugins compatible for Editor in 0.55 ms, found 0 plugins.
Preloading 0 native plugins for Editor in 0.00 ms.
Invoked RoslynAnalysisRunner static constructor.
RoslynAnalysisRunner will not be running.
RoslynAnalysisRunner has terminated.
Mono: successfully reloaded assembly
- Completed reload, in  1.389 seconds
Platform modules already initialized, skipping
Shader 'Universal Render Pipeline/Particles/Lit': fallback shader 'Universal Render Pipeline/Particles/SimpleLit' not found
Refreshing native plugins compatible for Editor in 1.08 ms, found 0 plugins.
Preloading 0 native plugins for Editor in 0.00 ms.
Unloading 2610 Unused Serialized files (Serialized files now loaded: 0)
System memory in use before: 125.6 MB.
System memory in use after: 125.3 MB.

Unloading 18 unused Assets to reduce memory usage. Loaded Objects now: 3430.
Total: 7.338200 ms (FindLiveObjects: 0.840900 ms CreateObjectMapping: 0.409900 ms MarkObjects: 5.332300 ms  DeleteObjects: 0.752000 ms)

========================================================================
Received Prepare
Registering precompiled user dll's ...
Registered in 0.001793 seconds.
Begin MonoManager ReloadAssembly
Native extension for WindowsStandalone target not found
Refreshing native plugins compatible for Editor in 1.68 ms, found 0 plugins.
Preloading 0 native plugins for Editor in 0.00 ms.
Invoked RoslynAnalysisRunner static constructor.
RoslynAnalysisRunner will not be running.
RoslynAnalysisRunner has terminated.
Mono: successfully reloaded assembly
- Completed reload, in  1.189 seconds
Platform modules already initialized, skipping
Shader 'Universal Render Pipeline/Particles/Lit': fallback shader 'Universal Render Pipeline/Particles/SimpleLit' not found
Refreshing native plugins compatible for Editor in 1.05 ms, found 0 plugins.
Preloading 0 native plugins for Editor in 0.00 ms.
Unloading 2610 Unused Serialized files (Serialized files now loaded: 0)
System memory in use before: 125.6 MB.
System memory in use after: 125.3 MB.

Unloading 18 unused Assets to reduce memory usage. Loaded Objects now: 3432.
Total: 7.188700 ms (FindLiveObjects: 0.761900 ms CreateObjectMapping: 0.346100 ms MarkObjects: 5.328700 ms  DeleteObjects: 0.748900 ms)

========================================================================
Received Prepare
Shader 'Universal Render Pipeline/Particles/Lit': fallback shader 'Universal Render Pipeline/Particles/SimpleLit' not found
Refreshing native plugins compatible for Editor in 15.15 ms, found 0 plugins.
Preloading 0 native plugins for Editor in 0.00 ms.
Unloading 16 Unused Serialized files (Serialized files now loaded: 0)
System memory in use before: 74.5 MB.
System memory in use after: 74.1 MB.

Unloading 16 unused Assets to reduce memory usage. Loaded Objects now: 3432.
Total: 10.989100 ms (FindLiveObjects: 1.092800 ms CreateObjectMapping: 0.409600 ms MarkObjects: 8.641800 ms  DeleteObjects: 0.841800 ms)

========================================================================
Received Prepare
Shader 'Universal Render Pipeline/Particles/Lit': fallback shader 'Universal Render Pipeline/Particles/SimpleLit' not found
Refreshing native plugins compatible for Editor in 3.28 ms, found 0 plugins.
Preloading 0 native plugins for Editor in 0.00 ms.
Unloading 16 Unused Serialized files (Serialized files now loaded: 0)
System memory in use before: 74.5 MB.
System memory in use after: 74.1 MB.

Unloading 16 unused Assets to reduce memory usage. Loaded Objects now: 3432.
Total: 10.335000 ms (FindLiveObjects: 0.884300 ms CreateObjectMapping: 0.546600 ms MarkObjects: 8.046300 ms  DeleteObjects: 0.853400 ms)

========================================================================
Received Prepare
Shader 'Universal Render Pipeline/Particles/Lit': fallback shader 'Universal Render Pipeline/Particles/SimpleLit' not found
Refreshing native plugins compatible for Editor in 19.33 ms, found 0 plugins.
Preloading 0 native plugins for Editor in 0.00 ms.
Unloading 16 Unused Serialized files (Serialized files now loaded: 0)
System memory in use before: 74.5 MB.
System memory in use after: 74.1 MB.

Unloading 16 unused Assets to reduce memory usage. Loaded Objects now: 3432.
Total: 22.359900 ms (FindLiveObjects: 5.199900 ms CreateObjectMapping: 0.713700 ms MarkObjects: 15.328200 ms  DeleteObjects: 1.112600 ms)

AssetImportWorkerClient::OnTransportError - code=2 error=End of file
